[33mWARNING[0m:  [18-12-2024 14:12:23] chroma_server_nofile is not supported on Windows. chroma_server_nofile will not be set.
[32mINFO[0m:     [18-12-2024 14:12:25] Anonymized telemetry enabled. See                     https://docs.trychroma.com/telemetry for more information.
[36mDEBUG[0m:    [18-12-2024 14:12:25] Starting component System
[36mDEBUG[0m:    [18-12-2024 14:12:25] Starting component OpenTelemetryClient
[36mDEBUG[0m:    [18-12-2024 14:12:25] Starting component SqliteDB
[36mDEBUG[0m:    [18-12-2024 14:12:31] Starting component SimpleQuotaEnforcer
[36mDEBUG[0m:    [18-12-2024 14:12:31] Starting component Posthog
[36mDEBUG[0m:    [18-12-2024 14:12:31] Starting component SimpleRateLimitEnforcer
[36mDEBUG[0m:    [18-12-2024 14:12:31] Starting component LocalSegmentManager
[36mDEBUG[0m:    [18-12-2024 14:12:31] Starting component LocalExecutor
[36mDEBUG[0m:    [18-12-2024 14:12:31] Starting component SegmentAPI
[32mINFO[0m:     [18-12-2024 14:12:32] Started server process [[36m2752[0m]
[32mINFO[0m:     [18-12-2024 14:12:32] Waiting for application startup.
[32mINFO[0m:     [18-12-2024 14:12:32] Application startup complete.
[32mINFO[0m:     [18-12-2024 14:12:32] Uvicorn running on [1mhttp://localhost:8000[0m (Press CTRL+C to quit)
[32mINFO[0m:     [18-12-2024 14:15:41] Shutting down
[32mINFO[0m:     [18-12-2024 14:15:41] Waiting for application shutdown.
[36mDEBUG[0m:    [18-12-2024 14:15:41] Stopping component System
[36mDEBUG[0m:    [18-12-2024 14:15:41] Stopping component SegmentAPI
[36mDEBUG[0m:    [18-12-2024 14:15:41] Stopping component LocalExecutor
[36mDEBUG[0m:    [18-12-2024 14:15:41] Stopping component LocalSegmentManager
[36mDEBUG[0m:    [18-12-2024 14:15:41] Stopping component SimpleRateLimitEnforcer
[36mDEBUG[0m:    [18-12-2024 14:15:41] Stopping component Posthog
[36mDEBUG[0m:    [18-12-2024 14:15:41] Stopping component SimpleQuotaEnforcer
[36mDEBUG[0m:    [18-12-2024 14:15:41] Stopping component SqliteDB
[36mDEBUG[0m:    [18-12-2024 14:15:41] Stopping component OpenTelemetryClient
[32mINFO[0m:     [18-12-2024 14:15:41] Application shutdown complete.
[32mINFO[0m:     [18-12-2024 14:15:41] Finished server process [[36m2752[0m]
[33mWARNING[0m:  [18-12-2024 14:16:09] chroma_server_nofile is not supported on Windows. chroma_server_nofile will not be set.
[32mINFO[0m:     [18-12-2024 14:16:10] Anonymized telemetry enabled. See                     https://docs.trychroma.com/telemetry for more information.
[36mDEBUG[0m:    [18-12-2024 14:16:10] Starting component System
[36mDEBUG[0m:    [18-12-2024 14:16:10] Starting component OpenTelemetryClient
[36mDEBUG[0m:    [18-12-2024 14:16:10] Starting component SqliteDB
[36mDEBUG[0m:    [18-12-2024 14:16:16] Starting component SimpleQuotaEnforcer
[36mDEBUG[0m:    [18-12-2024 14:16:16] Starting component Posthog
[36mDEBUG[0m:    [18-12-2024 14:16:16] Starting component SimpleRateLimitEnforcer
[36mDEBUG[0m:    [18-12-2024 14:16:16] Starting component LocalSegmentManager
[36mDEBUG[0m:    [18-12-2024 14:16:16] Starting component LocalExecutor
[36mDEBUG[0m:    [18-12-2024 14:16:16] Starting component SegmentAPI
[32mINFO[0m:     [18-12-2024 14:16:16] Started server process [[36m15572[0m]
[32mINFO[0m:     [18-12-2024 14:16:16] Waiting for application startup.
[32mINFO[0m:     [18-12-2024 14:16:16] Application startup complete.
[32mINFO[0m:     [18-12-2024 14:16:16] Uvicorn running on [1mhttp://localhost:8000[0m (Press CTRL+C to quit)
[32mINFO[0m:     [18-12-2024 15:21:09] Shutting down
[32mINFO[0m:     [18-12-2024 15:21:09] Waiting for application shutdown.
[36mDEBUG[0m:    [18-12-2024 15:21:09] Stopping component System
[36mDEBUG[0m:    [18-12-2024 15:21:10] Stopping component SegmentAPI
[36mDEBUG[0m:    [18-12-2024 15:21:10] Stopping component LocalExecutor
[36mDEBUG[0m:    [18-12-2024 15:21:10] Stopping component LocalSegmentManager
[36mDEBUG[0m:    [18-12-2024 15:21:10] Stopping component SimpleRateLimitEnforcer
[36mDEBUG[0m:    [18-12-2024 15:21:10] Stopping component Posthog
[36mDEBUG[0m:    [18-12-2024 15:21:10] Stopping component SimpleQuotaEnforcer
[36mDEBUG[0m:    [18-12-2024 15:21:10] Stopping component SqliteDB
[36mDEBUG[0m:    [18-12-2024 15:21:10] Stopping component OpenTelemetryClient
[32mINFO[0m:     [18-12-2024 15:21:10] Application shutdown complete.
[32mINFO[0m:     [18-12-2024 15:21:10] Finished server process [[36m15572[0m]
[33mWARNING[0m:  [18-12-2024 15:21:23] chroma_server_nofile is not supported on Windows. chroma_server_nofile will not be set.
[32mINFO[0m:     [18-12-2024 15:21:25] Anonymized telemetry enabled. See                     https://docs.trychroma.com/telemetry for more information.
[36mDEBUG[0m:    [18-12-2024 15:21:25] Starting component System
[36mDEBUG[0m:    [18-12-2024 15:21:25] Starting component OpenTelemetryClient
[36mDEBUG[0m:    [18-12-2024 15:21:25] Starting component SqliteDB
